********************************************************************************
DUPLICATOR-LITE PACKAGE-LOG: 13 May 2020 10 h 00 min
NOTICE: Do NOT post to public sites or forums 
********************************************************************************
VERSION:	1.3.32
WORDPRESS:	5.4
PHP INFO:	7.3.12 | SAPI: apache2handler
SERVER:		Apache/2.4.41 (Win64) PHP/7.3.12 
PHP TIME LIMIT: (0) no time limit imposed 
PHP MAX MEMORY: 4294967296 (128M default) 
MEMORY STACK: 2MB

********************************************************************************
DATABASE:
********************************************************************************
BUILD MODE:   PHP(query limit - 100)
MYSQLTIMEOUT: 5000
MYSQLDUMP:    Not Supported
TABLES: total:13 | filtered:0 | create:13
FILTERED: []
SQL CREATED: med_b0d8b28fa5ac7a3e3476_20200513100003_database.sql
SQL FILE SIZE: 453.36KB (464237)
SQL FILE TIME: 2020-05-13 10:00:12
SQL RUNTIME: 0.63 sec.

********************************************************************************
ARCHIVE (ZIP):
********************************************************************************
ARCHIVE DIR:  C:/localHost/DWWM-Mederic/wordpress/evalBack/wordpress
ARCHIVE FILE: med_b0d8b28fa5ac7a3e3476_20200513100003_archive.zip
FILTERS: *OFF*
DIRS:
	not set
FILES:
	not set
EXTS:  not set
----------------------------------------
COMPRESSING
SIZE:	52.26MB
STATS:	Dirs 267 | Files 2,258
SQL ADDED: med_b0d8b28fa5ac7a3e3476_20200513100003_database.sql
ZipArchive Object
(
    [status] => 0
    [statusSys] => 0
    [numFiles] => 2525
    [filename] => C:\localHost\DWWM-Mederic\wordpress\evalBack\wordpress\wp-snapshots\tmp\med_b0d8b28fa5ac7a3e3476_20200513100003_archive.zip
    [comment] => 
)

FILE ADDED TO ZIP: 2524
COMPRESSION RESULT: '1'
COMPRESSED SIZE: 16.3MB
ARCHIVE RUNTIME: 4.32 sec.
MEMORY STACK: 4MB
building installer
add_extra_files1
add_extra_files2
add_extra_files3
add_extra_files4
Doing archive file check
add_extra_files5
add_extra_files6
add_extra_files8
Successfully opened zip C:/localHost/DWWM-Mederic/wordpress/evalBack/wordpress/wp-snapshots/tmp/med_b0d8b28fa5ac7a3e3476_20200513100003_archive.zip
Adding enhanced installer files to archive using ZipArchive
Installer files added to archive
Added to archive
After ziparchive close when adding installer

********************************************************************************
INTEGRITY CHECKS:
********************************************************************************
SQL FILE: 453.36KB
INSTALLER FILE: 61.3KB
ARCHIVE FILE: 17.77MB 
EXPECTED FILE/DIRECTORY COUNT: 2,525
ACTUAL FILE/DIRECTORY COUNT: 2,524
ARCHIVE CONSISTENCY TEST: Pass

********************************************************************************
RECORD ID:[1]
TOTAL PROCESS RUNTIME: 5.69 sec.
PEAK PHP MEMORY USED: 4MB
DONE PROCESSING => med 13 May 2020 10 h 00 min

