********************************************************************************
DUPLICATOR-LITE PACKAGE-LOG: 6 May 2020 7 h 32 min
NOTICE: Do NOT post to public sites or forums 
********************************************************************************
VERSION:	1.3.30
WORDPRESS:	5.4
PHP INFO:	7.3.12 | SAPI: apache2handler
SERVER:		Apache/2.4.41 (Win64) PHP/7.3.12 
PHP TIME LIMIT: (0) no time limit imposed 
PHP MAX MEMORY: 4294967296 (256M default) 
MEMORY STACK: 2MB

********************************************************************************
DATABASE:
********************************************************************************
BUILD MODE:   PHP(query limit - 100)
MYSQLTIMEOUT: 5000
MYSQLDUMP:    Not Supported
TABLES: total:16 | filtered:0 | create:16
FILTERED: []
SQL CREATED: mederic_56d9cfa8504144983391_20200506073209_database.sql
SQL FILE SIZE: 1.83MB (1913924)
SQL FILE TIME: 2020-05-06 07:32:21
SQL RUNTIME: 0.99 sec.

********************************************************************************
ARCHIVE (ZIP):
********************************************************************************
ARCHIVE DIR:  C:/localHost/DWWM-Mederic/projet conan/conan
ARCHIVE FILE: mederic_56d9cfa8504144983391_20200506073209_archive.zip
FILTERS: *OFF*
DIRS:
	not set
FILES:
	not set
EXTS:  not set
----------------------------------------
COMPRESSING
SIZE:	154.27MB
STATS:	Dirs 816 | Files 5,622
SQL ADDED: mederic_56d9cfa8504144983391_20200506073209_database.sql
ZipArchive Object
(
    [status] => 0
    [statusSys] => 0
    [numFiles] => 6438
    [filename] => C:\localHost\DWWM-Mederic\projet conan\conan\wp-snapshots\tmp\mederic_56d9cfa8504144983391_20200506073209_archive.zip
    [comment] => 
)

FILE ADDED TO ZIP: 6437
COMPRESSION RESULT: '1'
COMPRESSED SIZE: 83.55MB
ARCHIVE RUNTIME: 13.72 sec.
MEMORY STACK: 4MB
building installer
add_extra_files1
add_extra_files2
add_extra_files3
add_extra_files4
Doing archive file check
add_extra_files5
add_extra_files6
add_extra_files8
Successfully opened zip C:/localHost/DWWM-Mederic/projet conan/conan/wp-snapshots/tmp/mederic_56d9cfa8504144983391_20200506073209_archive.zip
Adding enhanced installer files to archive using ZipArchive
Installer files added to archive
Added to archive
After ziparchive close when adding installer

********************************************************************************
INTEGRITY CHECKS:
********************************************************************************
SQL FILE: 1.83MB
INSTALLER FILE: 61.31KB
ARCHIVE FILE: 84.9MB 
EXPECTED FILE/DIRECTORY COUNT: 6,438
ACTUAL FILE/DIRECTORY COUNT: 6,437
ARCHIVE CONSISTENCY TEST: Pass

********************************************************************************
RECORD ID:[4]
TOTAL PROCESS RUNTIME: 15.74 sec.
PEAK PHP MEMORY USED: 4MB
DONE PROCESSING => mederic 6 May 2020 7 h 32 min

