********************************************************************************
DUPLICATOR-LITE PACKAGE-LOG: 6 May 2020 12 h 58 min
NOTICE: Do NOT post to public sites or forums 
********************************************************************************
VERSION:	1.3.32
WORDPRESS:	5.4
PHP INFO:	7.3.12 | SAPI: apache2handler
SERVER:		Apache/2.4.41 (Win64) PHP/7.3.12 
PHP TIME LIMIT: (0) no time limit imposed 
PHP MAX MEMORY: 4294967296 (256M default) 
MEMORY STACK: 2MB

********************************************************************************
DATABASE:
********************************************************************************
BUILD MODE:   PHP(query limit - 100)
MYSQLTIMEOUT: 5000
MYSQLDUMP:    Not Supported
TABLES: total:16 | filtered:0 | create:16
FILTERED: []
SQL CREATED: mederic_2f4596afbdb903939720_20200506125823_database.sql
SQL FILE SIZE: 1.56MB (1635070)
SQL FILE TIME: 2020-05-06 12:58:39
SQL RUNTIME: 1.05 sec.

********************************************************************************
ARCHIVE (ZIP):
********************************************************************************
ARCHIVE DIR:  C:/localHost/DWWM-Mederic/projet conan/conan
ARCHIVE FILE: mederic_2f4596afbdb903939720_20200506125823_archive.zip
FILTERS: *OFF*
DIRS:
	not set
FILES:
	not set
EXTS:  not set
----------------------------------------
COMPRESSING
SIZE:	154.82MB
STATS:	Dirs 816 | Files 5,624
SQL ADDED: mederic_2f4596afbdb903939720_20200506125823_database.sql
ZipArchive Object
(
    [status] => 0
    [statusSys] => 0
    [numFiles] => 6440
    [filename] => C:\localHost\DWWM-Mederic\projet conan\conan\wp-snapshots\tmp\mederic_2f4596afbdb903939720_20200506125823_archive.zip
    [comment] => 
)

FILE ADDED TO ZIP: 6439
COMPRESSION RESULT: '1'
COMPRESSED SIZE: 83.67MB
ARCHIVE RUNTIME: 12.68 sec.
MEMORY STACK: 6MB
building installer
add_extra_files1
add_extra_files2
add_extra_files3
add_extra_files4
Doing archive file check
add_extra_files5
add_extra_files6
add_extra_files8
Successfully opened zip C:/localHost/DWWM-Mederic/projet conan/conan/wp-snapshots/tmp/mederic_2f4596afbdb903939720_20200506125823_archive.zip
Adding enhanced installer files to archive using ZipArchive
Installer files added to archive
Added to archive
After ziparchive close when adding installer

********************************************************************************
INTEGRITY CHECKS:
********************************************************************************
SQL FILE: 1.56MB
INSTALLER FILE: 61.3KB
ARCHIVE FILE: 85.17MB 
EXPECTED FILE/DIRECTORY COUNT: 6,440
ACTUAL FILE/DIRECTORY COUNT: 6,439
ARCHIVE CONSISTENCY TEST: Pass

********************************************************************************
RECORD ID:[1]
TOTAL PROCESS RUNTIME: 14.76 sec.
PEAK PHP MEMORY USED: 6MB
DONE PROCESSING => mederic 6 May 2020 12 h 58 min

