********************************************************************************
DUPLICATOR-LITE PACKAGE-LOG: 6 May 2020 9 h 13 min
NOTICE: Do NOT post to public sites or forums 
********************************************************************************
VERSION:	1.3.32
WORDPRESS:	5.4
PHP INFO:	7.3.12 | SAPI: apache2handler
SERVER:		Apache/2.4.41 (Win64) PHP/7.3.12 
PHP TIME LIMIT: (0) no time limit imposed 
PHP MAX MEMORY: 4294967296 (256M default) 
MEMORY STACK: 8MB

********************************************************************************
DATABASE:
********************************************************************************
BUILD MODE:   PHP(query limit - 100)
MYSQLTIMEOUT: 5000
MYSQLDUMP:    Not Supported
TABLES: total:16 | filtered:0 | create:16
FILTERED: []
SQL CREATED: mederic_2e66620adb47e4ff6281_20200506091308_database.sql
SQL FILE SIZE: 1.84MB (1929235)
SQL FILE TIME: 2020-05-06 09:13:44
SQL RUNTIME: 1.03 sec.

********************************************************************************
ARCHIVE (ZIP):
********************************************************************************
ARCHIVE DIR:  C:/localHost/DWWM-Mederic/projet conan/conan
ARCHIVE FILE: mederic_2e66620adb47e4ff6281_20200506091308_archive.zip
FILTERS: *OFF*
DIRS:
	not set
FILES:
	not set
EXTS:  not set
----------------------------------------
COMPRESSING
SIZE:	154.82MB
STATS:	Dirs 816 | Files 5,624
SQL ADDED: mederic_2e66620adb47e4ff6281_20200506091308_database.sql
ZipArchive Object
(
    [status] => 0
    [statusSys] => 0
    [numFiles] => 6440
    [filename] => C:\localHost\DWWM-Mederic\projet conan\conan\wp-snapshots\tmp\mederic_2e66620adb47e4ff6281_20200506091308_archive.zip
    [comment] => 
)

FILE ADDED TO ZIP: 6439
COMPRESSION RESULT: '1'
COMPRESSED SIZE: 83.72MB
ARCHIVE RUNTIME: 10.85 sec.
MEMORY STACK: 10MB
building installer
add_extra_files1
add_extra_files2
add_extra_files3
add_extra_files4
Doing archive file check
add_extra_files5
add_extra_files6
add_extra_files8
Successfully opened zip C:/localHost/DWWM-Mederic/projet conan/conan/wp-snapshots/tmp/mederic_2e66620adb47e4ff6281_20200506091308_archive.zip
Adding enhanced installer files to archive using ZipArchive
Installer files added to archive
Added to archive
After ziparchive close when adding installer

********************************************************************************
INTEGRITY CHECKS:
********************************************************************************
SQL FILE: 1.84MB
INSTALLER FILE: 61.3KB
ARCHIVE FILE: 85.22MB 
EXPECTED FILE/DIRECTORY COUNT: 6,440
ACTUAL FILE/DIRECTORY COUNT: 6,439
ARCHIVE CONSISTENCY TEST: Pass

********************************************************************************
RECORD ID:[1]
TOTAL PROCESS RUNTIME: 13.53 sec.
PEAK PHP MEMORY USED: 12MB
DONE PROCESSING => mederic 6 May 2020 9 h 13 min

