********************************************************************************
DUPLICATOR-LITE PACKAGE-LOG: 5 May 2020 11 h 30 min
NOTICE: Do NOT post to public sites or forums 
********************************************************************************
VERSION:	1.3.30
WORDPRESS:	5.4
PHP INFO:	7.3.12 | SAPI: apache2handler
SERVER:		Apache/2.4.41 (Win64) PHP/7.3.12 
PHP TIME LIMIT: (0) no time limit imposed 
PHP MAX MEMORY: 4294967296 (256M default) 
MEMORY STACK: 2MB

********************************************************************************
DATABASE:
********************************************************************************
BUILD MODE:   PHP(query limit - 100)
MYSQLTIMEOUT: 5000
MYSQLDUMP:    Not Supported
TABLES: total:16 | filtered:0 | create:16
FILTERED: []
SQL CREATED: mederic_5b0cb665f62694c41624_20200505113015_database.sql
SQL FILE SIZE: 1.79MB (1880025)
SQL FILE TIME: 2020-05-05 11:30:26
SQL RUNTIME: 0.97 sec.

********************************************************************************
ARCHIVE (ZIP):
********************************************************************************
ARCHIVE DIR:  C:/localHost/DWWM-Mederic/projet conan/conan
ARCHIVE FILE: mederic_5b0cb665f62694c41624_20200505113015_archive.zip
FILTERS: *OFF*
DIRS:
	not set
FILES:
	not set
EXTS:  not set
----------------------------------------
COMPRESSING
SIZE:	154.26MB
STATS:	Dirs 815 | Files 5,613
SQL ADDED: mederic_5b0cb665f62694c41624_20200505113015_database.sql
ZipArchive Object
(
    [status] => 0
    [statusSys] => 0
    [numFiles] => 6428
    [filename] => C:\localHost\DWWM-Mederic\projet conan\conan\wp-snapshots\tmp\mederic_5b0cb665f62694c41624_20200505113015_archive.zip
    [comment] => 
)

FILE ADDED TO ZIP: 6427
COMPRESSION RESULT: '1'
COMPRESSED SIZE: 83.56MB
ARCHIVE RUNTIME: 10.71 sec.
MEMORY STACK: 6MB
building installer
add_extra_files1
add_extra_files2
add_extra_files3
add_extra_files4
Doing archive file check
add_extra_files5
add_extra_files6
add_extra_files8
Successfully opened zip C:/localHost/DWWM-Mederic/projet conan/conan/wp-snapshots/tmp/mederic_5b0cb665f62694c41624_20200505113015_archive.zip
Adding enhanced installer files to archive using ZipArchive
Installer files added to archive
Added to archive
After ziparchive close when adding installer

********************************************************************************
INTEGRITY CHECKS:
********************************************************************************
SQL FILE: 1.79MB
INSTALLER FILE: 61.31KB
ARCHIVE FILE: 84.9MB 
EXPECTED FILE/DIRECTORY COUNT: 6,428
ACTUAL FILE/DIRECTORY COUNT: 6,427
ARCHIVE CONSISTENCY TEST: Pass

********************************************************************************
RECORD ID:[3]
TOTAL PROCESS RUNTIME: 13.21 sec.
PEAK PHP MEMORY USED: 6MB
DONE PROCESSING => mederic 5 May 2020 11 h 30 min

