********************************************************************************
DUPLICATOR-LITE PACKAGE-LOG: 5 May 2020 9 h 45 min
NOTICE: Do NOT post to public sites or forums 
********************************************************************************
VERSION:	1.3.30
WORDPRESS:	5.4
PHP INFO:	7.3.12 | SAPI: apache2handler
SERVER:		Apache/2.4.41 (Win64) PHP/7.3.12 
PHP TIME LIMIT: (0) no time limit imposed 
PHP MAX MEMORY: 4294967296 (256M default) 
MEMORY STACK: 2MB

********************************************************************************
DATABASE:
********************************************************************************
BUILD MODE:   PHP(query limit - 100)
MYSQLTIMEOUT: 5000
MYSQLDUMP:    Not Supported
TABLES: total:16 | filtered:0 | create:16
FILTERED: []
SQL CREATED: mederic_03f97750de08a7465126_20200505094418_database.sql
SQL FILE SIZE: 1.64MB (1720172)
SQL FILE TIME: 2020-05-05 09:45:36
SQL RUNTIME: 1.09 sec.

********************************************************************************
ARCHIVE (ZIP):
********************************************************************************
ARCHIVE DIR:  C:/localHost/DWWM-Mederic/projet conan/conan
ARCHIVE FILE: mederic_03f97750de08a7465126_20200505094418_archive.zip
FILTERS: *OFF*
DIRS:
	not set
FILES:
	not set
EXTS:  not set
----------------------------------------
COMPRESSING
SIZE:	154.26MB
STATS:	Dirs 815 | Files 5,613
SQL ADDED: mederic_03f97750de08a7465126_20200505094418_database.sql
ZipArchive Object
(
    [status] => 0
    [statusSys] => 0
    [numFiles] => 6428
    [filename] => C:\localHost\DWWM-Mederic\projet conan\conan\wp-snapshots\tmp\mederic_03f97750de08a7465126_20200505094418_archive.zip
    [comment] => 
)

FILE ADDED TO ZIP: 6427
COMPRESSION RESULT: '1'
COMPRESSED SIZE: 83.53MB
ARCHIVE RUNTIME: 12.27 sec.
MEMORY STACK: 6MB
building installer
add_extra_files1
add_extra_files2
add_extra_files3
add_extra_files4
Doing archive file check
add_extra_files5
add_extra_files6
add_extra_files8
Successfully opened zip C:/localHost/DWWM-Mederic/projet conan/conan/wp-snapshots/tmp/mederic_03f97750de08a7465126_20200505094418_archive.zip
Adding enhanced installer files to archive using ZipArchive
Installer files added to archive
Added to archive
After ziparchive close when adding installer

********************************************************************************
INTEGRITY CHECKS:
********************************************************************************
SQL FILE: 1.64MB
INSTALLER FILE: 61.31KB
ARCHIVE FILE: 84.87MB 
EXPECTED FILE/DIRECTORY COUNT: 6,428
ACTUAL FILE/DIRECTORY COUNT: 6,427
ARCHIVE CONSISTENCY TEST: Pass

********************************************************************************
RECORD ID:[1]
TOTAL PROCESS RUNTIME: 15.41 sec.
PEAK PHP MEMORY USED: 6MB
DONE PROCESSING => mederic 5 May 2020 9 h 45 min

